<?xml version="1.0" encoding="UTF-8"?>
<robot generator="Robot 3.2.1 (Python 3.8.3 on win32)" generated="20200717 20:55:32.862" rpa="false">
<suite id="s1" name="Cadastro" source="C:\roboweek\ninjachef\tests\cadastro.robot">
<test id="s1-t1" name="Cadastro Simples">
<kw name="Open Session" library="base" type="setup">
<kw name="Open Browser" library="SeleniumLibrary">
<doc>Opens a new browser instance to the optional ``url``.</doc>
<arguments>
<arg>about:blank</arg>
<arg>chrome</arg>
</arguments>
<msg timestamp="20200717 20:55:33.268" level="INFO">Opening browser 'chrome' to base url 'about:blank'.</msg>
<status status="PASS" starttime="20200717 20:55:33.268" endtime="20200717 20:55:36.941"></status>
</kw>
<status status="PASS" starttime="20200717 20:55:33.268" endtime="20200717 20:55:36.941"></status>
</kw>
<kw name="Dado que acesso a página principal" library="kws">
<kw name="Go To" library="SeleniumLibrary">
<doc>Navigates the current browser window to the provided ``url``.</doc>
<arguments>
<arg>http://ninjachef-qaninja-io.umbler.net/</arg>
</arguments>
<msg timestamp="20200717 20:55:36.943" level="INFO">Opening url 'http://ninjachef-qaninja-io.umbler.net/'</msg>
<status status="PASS" starttime="20200717 20:55:36.943" endtime="20200717 20:55:38.121"></status>
</kw>
<status status="PASS" starttime="20200717 20:55:36.942" endtime="20200717 20:55:38.121"></status>
</kw>
<kw name="Quando submeto o meu email &quot;joao@gmail.com&quot;" library="kws">
<kw name="Input Text" library="SeleniumLibrary">
<doc>Types the given ``text`` into the text field identified by ``locator``.</doc>
<arguments>
<arg>id:email</arg>
<arg>${email}</arg>
</arguments>
<msg timestamp="20200717 20:55:38.122" level="INFO">Typing text 'joao@gmail.com' into text field 'id:email'.</msg>
<status status="PASS" starttime="20200717 20:55:38.121" endtime="20200717 20:55:38.328"></status>
</kw>
<kw name="Click Element" library="SeleniumLibrary">
<doc>Click the element identified by ``locator``.</doc>
<arguments>
<arg>css:button[type=submit]</arg>
</arguments>
<msg timestamp="20200717 20:55:38.328" level="INFO">Clicking element 'css:button[type=submit]'.</msg>
<status status="PASS" starttime="20200717 20:55:38.328" endtime="20200717 20:55:38.392"></status>
</kw>
<kw name="Sleep" library="BuiltIn">
<doc>Pauses the test executed for the given time.</doc>
<arguments>
<arg>5</arg>
</arguments>
<msg timestamp="20200717 20:55:43.393" level="INFO">Slept 5 seconds</msg>
<status status="PASS" starttime="20200717 20:55:38.392" endtime="20200717 20:55:43.393"></status>
</kw>
<status status="PASS" starttime="20200717 20:55:38.121" endtime="20200717 20:55:43.393"></status>
</kw>
<kw name="Então devo ser autenticado" library="kws">
<kw name="Wait Until Page Contains Element" library="SeleniumLibrary">
<doc>Waits until the element ``locator`` appears on the current page.</doc>
<arguments>
<arg>class:dashboard</arg>
</arguments>
<status status="PASS" starttime="20200717 20:55:43.394" endtime="20200717 20:55:43.407"></status>
</kw>
<status status="PASS" starttime="20200717 20:55:43.394" endtime="20200717 20:55:43.407"></status>
</kw>
<kw name="Close Session" library="base" type="teardown">
<kw name="Close Browser" library="SeleniumLibrary">
<doc>Closes the current browser.</doc>
<status status="PASS" starttime="20200717 20:55:43.409" endtime="20200717 20:55:45.665"></status>
</kw>
<status status="PASS" starttime="20200717 20:55:43.408" endtime="20200717 20:55:45.665"></status>
</kw>
<status status="PASS" starttime="20200717 20:55:33.266" endtime="20200717 20:55:45.666" critical="yes"></status>
</test>
<test id="s1-t2" name="Email incorreto">
<kw name="Open Session" library="base" type="setup">
<kw name="Open Browser" library="SeleniumLibrary">
<doc>Opens a new browser instance to the optional ``url``.</doc>
<arguments>
<arg>about:blank</arg>
<arg>chrome</arg>
</arguments>
<msg timestamp="20200717 20:55:45.669" level="INFO">Opening browser 'chrome' to base url 'about:blank'.</msg>
<status status="PASS" starttime="20200717 20:55:45.668" endtime="20200717 20:55:49.006"></status>
</kw>
<status status="PASS" starttime="20200717 20:55:45.668" endtime="20200717 20:55:49.007"></status>
</kw>
<kw name="Dado que acesso a página principal" library="kws">
<kw name="Go To" library="SeleniumLibrary">
<doc>Navigates the current browser window to the provided ``url``.</doc>
<arguments>
<arg>http://ninjachef-qaninja-io.umbler.net/</arg>
</arguments>
<msg timestamp="20200717 20:55:49.008" level="INFO">Opening url 'http://ninjachef-qaninja-io.umbler.net/'</msg>
<status status="PASS" starttime="20200717 20:55:49.008" endtime="20200717 20:55:50.484"></status>
</kw>
<status status="PASS" starttime="20200717 20:55:49.008" endtime="20200717 20:55:50.485"></status>
</kw>
<kw name="Quando submeto o meu email &quot;joao&amp;yahoo.com&quot;" library="kws">
<kw name="Input Text" library="SeleniumLibrary">
<doc>Types the given ``text`` into the text field identified by ``locator``.</doc>
<arguments>
<arg>id:email</arg>
<arg>${email}</arg>
</arguments>
<msg timestamp="20200717 20:55:50.487" level="INFO">Typing text 'joao&amp;yahoo.com' into text field 'id:email'.</msg>
<status status="PASS" starttime="20200717 20:55:50.486" endtime="20200717 20:55:50.687"></status>
</kw>
<kw name="Click Element" library="SeleniumLibrary">
<doc>Click the element identified by ``locator``.</doc>
<arguments>
<arg>css:button[type=submit]</arg>
</arguments>
<msg timestamp="20200717 20:55:50.687" level="INFO">Clicking element 'css:button[type=submit]'.</msg>
<status status="PASS" starttime="20200717 20:55:50.687" endtime="20200717 20:55:50.759"></status>
</kw>
<kw name="Sleep" library="BuiltIn">
<doc>Pauses the test executed for the given time.</doc>
<arguments>
<arg>5</arg>
</arguments>
<msg timestamp="20200717 20:55:55.761" level="INFO">Slept 5 seconds</msg>
<status status="PASS" starttime="20200717 20:55:50.759" endtime="20200717 20:55:55.761"></status>
</kw>
<status status="PASS" starttime="20200717 20:55:50.486" endtime="20200717 20:55:55.761"></status>
</kw>
<kw name="Então devo ver a mensagem &quot;Oops. Informe um email válido!&quot;" library="kws">
<kw name="Wait Until Element Contains" library="SeleniumLibrary">
<doc>Waits until the element ``locator`` contains ``text``.</doc>
<arguments>
<arg>class:alert</arg>
<arg>"${expect_message}"</arg>
</arguments>
<kw name="Capture Page Screenshot" library="SeleniumLibrary">
<doc>Takes a screenshot of the current page and embeds it into a log file.</doc>
<msg timestamp="20200717 20:56:01.374" level="INFO" html="yes">&lt;/td&gt;&lt;/tr&gt;&lt;tr&gt;&lt;td colspan="3"&gt;&lt;a href="selenium-screenshot-3.png"&gt;&lt;img src="selenium-screenshot-3.png" width="800px"&gt;&lt;/a&gt;</msg>
<status status="PASS" starttime="20200717 20:56:00.970" endtime="20200717 20:56:01.374"></status>
</kw>
<msg timestamp="20200717 20:56:01.410" level="FAIL">Element 'class:alert' did not get text '"Oops. Informe um email válido!"' in 5 seconds.</msg>
<status status="FAIL" starttime="20200717 20:55:55.763" endtime="20200717 20:56:01.410"></status>
</kw>
<status status="FAIL" starttime="20200717 20:55:55.762" endtime="20200717 20:56:01.411"></status>
</kw>
<kw name="Close Session" library="base" type="teardown">
<kw name="Close Browser" library="SeleniumLibrary">
<doc>Closes the current browser.</doc>
<status status="PASS" starttime="20200717 20:56:01.412" endtime="20200717 20:56:03.759"></status>
</kw>
<status status="PASS" starttime="20200717 20:56:01.411" endtime="20200717 20:56:03.759"></status>
</kw>
<status status="FAIL" starttime="20200717 20:55:45.667" endtime="20200717 20:56:03.760" critical="yes">Element 'class:alert' did not get text '"Oops. Informe um email válido!"' in 5 seconds.</status>
</test>
<test id="s1-t3" name="Email não informado">
<kw name="Open Session" library="base" type="setup">
<kw name="Open Browser" library="SeleniumLibrary">
<doc>Opens a new browser instance to the optional ``url``.</doc>
<arguments>
<arg>about:blank</arg>
<arg>chrome</arg>
</arguments>
<msg timestamp="20200717 20:56:03.764" level="INFO">Opening browser 'chrome' to base url 'about:blank'.</msg>
<status status="PASS" starttime="20200717 20:56:03.763" endtime="20200717 20:56:07.286"></status>
</kw>
<status status="PASS" starttime="20200717 20:56:03.763" endtime="20200717 20:56:07.287"></status>
</kw>
<kw name="Dado que acesso a página principal" library="kws">
<kw name="Go To" library="SeleniumLibrary">
<doc>Navigates the current browser window to the provided ``url``.</doc>
<arguments>
<arg>http://ninjachef-qaninja-io.umbler.net/</arg>
</arguments>
<msg timestamp="20200717 20:56:07.289" level="INFO">Opening url 'http://ninjachef-qaninja-io.umbler.net/'</msg>
<status status="PASS" starttime="20200717 20:56:07.289" endtime="20200717 20:56:08.999"></status>
</kw>
<status status="PASS" starttime="20200717 20:56:07.288" endtime="20200717 20:56:09.000"></status>
</kw>
<kw name="Quando submeto o meu email &quot;${EMPTY}&quot;" library="kws">
<kw name="Input Text" library="SeleniumLibrary">
<doc>Types the given ``text`` into the text field identified by ``locator``.</doc>
<arguments>
<arg>id:email</arg>
<arg>${email}</arg>
</arguments>
<msg timestamp="20200717 20:56:09.004" level="INFO">Typing text '' into text field 'id:email'.</msg>
<status status="PASS" starttime="20200717 20:56:09.003" endtime="20200717 20:56:09.103"></status>
</kw>
<kw name="Click Element" library="SeleniumLibrary">
<doc>Click the element identified by ``locator``.</doc>
<arguments>
<arg>css:button[type=submit]</arg>
</arguments>
<msg timestamp="20200717 20:56:09.104" level="INFO">Clicking element 'css:button[type=submit]'.</msg>
<status status="PASS" starttime="20200717 20:56:09.103" endtime="20200717 20:56:09.172"></status>
</kw>
<kw name="Sleep" library="BuiltIn">
<doc>Pauses the test executed for the given time.</doc>
<arguments>
<arg>5</arg>
</arguments>
<msg timestamp="20200717 20:56:14.173" level="INFO">Slept 5 seconds</msg>
<status status="PASS" starttime="20200717 20:56:09.173" endtime="20200717 20:56:14.173"></status>
</kw>
<status status="PASS" starttime="20200717 20:56:09.001" endtime="20200717 20:56:14.173"></status>
</kw>
<kw name="Então devo ver a mensagem &quot;Oops. Informe um email válido!&quot;" library="kws">
<kw name="Wait Until Element Contains" library="SeleniumLibrary">
<doc>Waits until the element ``locator`` contains ``text``.</doc>
<arguments>
<arg>class:alert</arg>
<arg>"${expect_message}"</arg>
</arguments>
<kw name="Capture Page Screenshot" library="SeleniumLibrary">
<doc>Takes a screenshot of the current page and embeds it into a log file.</doc>
<msg timestamp="20200717 20:56:19.562" level="INFO" html="yes">&lt;/td&gt;&lt;/tr&gt;&lt;tr&gt;&lt;td colspan="3"&gt;&lt;a href="selenium-screenshot-4.png"&gt;&lt;img src="selenium-screenshot-4.png" width="800px"&gt;&lt;/a&gt;</msg>
<status status="PASS" starttime="20200717 20:56:19.177" endtime="20200717 20:56:19.562"></status>
</kw>
<msg timestamp="20200717 20:56:19.563" level="FAIL">Element 'class:alert' did not get text '"Oops. Informe um email válido!"' in 5 seconds.</msg>
<status status="FAIL" starttime="20200717 20:56:14.174" endtime="20200717 20:56:19.563"></status>
</kw>
<status status="FAIL" starttime="20200717 20:56:14.174" endtime="20200717 20:56:19.563"></status>
</kw>
<kw name="Close Session" library="base" type="teardown">
<kw name="Close Browser" library="SeleniumLibrary">
<doc>Closes the current browser.</doc>
<status status="PASS" starttime="20200717 20:56:19.566" endtime="20200717 20:56:21.835"></status>
</kw>
<status status="PASS" starttime="20200717 20:56:19.564" endtime="20200717 20:56:21.836"></status>
</kw>
<status status="FAIL" starttime="20200717 20:56:03.762" endtime="20200717 20:56:21.837" critical="yes">Element 'class:alert' did not get text '"Oops. Informe um email válido!"' in 5 seconds.</status>
</test>
<doc>Suite dos testes de cadastro</doc>
<status status="FAIL" starttime="20200717 20:55:32.864" endtime="20200717 20:56:21.841"></status>
</suite>
<statistics>
<total>
<stat pass="1" fail="2">Critical Tests</stat>
<stat pass="1" fail="2">All Tests</stat>
</total>
<tag>
</tag>
<suite>
<stat pass="1" fail="2" id="s1" name="Cadastro">Cadastro</stat>
</suite>
</statistics>
<errors>
</errors>
</robot>
